<?xml version="1.0" encoding="UTF-8"?>
<!-- Generated by org.testng.reporters.JUnitReportReporter -->
<testsuite hostname="DESKTOP-RF3HKHR" failures="0" tests="1" name="com.Webmath.TestCase.WebMathTestCase" time="212.807" errors="0" timestamp="2023-07-19T20:46:05 IST" skipped="0">
  <testcase classname="com.Webmath.TestCase.WebMathTestCase" name="logintest" time="212.807"/>
  <system-out/>
</testsuite> <!-- com.Webmath.TestCase.WebMathTestCase -->
